Flow report for i2c
Sat Dec  9 14:39:00 2023
Quartus Prime Version 22.1std.2 Build 922 07/20/2023 SC Lite Edition


---------------------
; Table of Contents ;
---------------------
  1. Legal Notice
  2. Flow Summary
  3. Flow Settings
  4. Flow Non-Default Global Settings
  5. Flow Elapsed Time
  6. Flow OS Summary
  7. Flow Log
  8. Flow Messages
  9. Flow Suppressed Messages



----------------
; Legal Notice ;
----------------
Copyright (C) 2023  Intel Corporation. All rights reserved.
Your use of Intel Corporation's design tools, logic functions 
and other software and tools, and any partner logic 
functions, and any output files from any of the foregoing 
(including device programming or simulation files), and any 
associated documentation or information are expressly subject 
to the terms and conditions of the Intel Program License 
Subscription Agreement, the Intel Quartus Prime License Agreement,
the Intel FPGA IP License Agreement, or other applicable license
agreement, including, without limitation, that your use is for
the sole purpose of programming logic devices manufactured by
Intel and sold by Intel or its authorized distributors.  Please
refer to the applicable agreement for further details, at
https://fpgasoftware.intel.com/eula.



+-------------------------------------------------------------------------------------+
; Flow Summary                                                                        ;
+------------------------------------+------------------------------------------------+
; Flow Status                        ; Successful - Sat Dec  9 14:39:00 2023          ;
; Quartus Prime Version              ; 22.1std.2 Build 922 07/20/2023 SC Lite Edition ;
; Revision Name                      ; i2c                                            ;
; Top-level Entity Name              ; i2c                                            ;
; Family                             ; Cyclone IV E                                   ;
; Device                             ; EP4CE6E22C8                                    ;
; Timing Models                      ; Final                                          ;
; Total logic elements               ; 1,283 / 6,272 ( 20 % )                         ;
;     Total combinational functions  ; 949 / 6,272 ( 15 % )                           ;
;     Dedicated logic registers      ; 846 / 6,272 ( 13 % )                           ;
; Total registers                    ; 846                                            ;
; Total pins                         ; 6 / 92 ( 7 % )                                 ;
; Total virtual pins                 ; 0                                              ;
; Total memory bits                  ; 139,264 / 276,480 ( 50 % )                     ;
; Embedded Multiplier 9-bit elements ; 0 / 30 ( 0 % )                                 ;
; Total PLLs                         ; 0 / 2 ( 0 % )                                  ;
+------------------------------------+------------------------------------------------+


+-----------------------------------------+
; Flow Settings                           ;
+-------------------+---------------------+
; Option            ; Setting             ;
+-------------------+---------------------+
; Start date & time ; 12/09/2023 14:36:50 ;
; Main task         ; Compilation         ;
; Revision Name     ; i2c                 ;
+-------------------+---------------------+


+--------------------------------------------------------------------------------------------------------------------------------------------------------------------------------+
; Flow Non-Default Global Settings                                                                                                                                               ;
+--------------------------------------+-----------------------------------------------------------------------+---------------+-------------+-----------------------------------+
; Assignment Name                      ; Value                                                                 ; Default Value ; Entity Name ; Section Id                        ;
+--------------------------------------+-----------------------------------------------------------------------+---------------+-------------+-----------------------------------+
; COMPILER_SIGNATURE_ID                ; 27214207839693.170216141028180                                        ; --            ; --          ; --                                ;
; EDA_GENERATE_FUNCTIONAL_NETLIST      ; Off                                                                   ; --            ; --          ; eda_board_design_timing           ;
; EDA_GENERATE_FUNCTIONAL_NETLIST      ; Off                                                                   ; --            ; --          ; eda_board_design_boundary_scan    ;
; EDA_GENERATE_FUNCTIONAL_NETLIST      ; Off                                                                   ; --            ; --          ; eda_board_design_signal_integrity ;
; EDA_GENERATE_FUNCTIONAL_NETLIST      ; Off                                                                   ; --            ; --          ; eda_board_design_symbol           ;
; EDA_OUTPUT_DATA_FORMAT               ; Verilog Hdl                                                           ; --            ; --          ; eda_simulation                    ;
; EDA_SIMULATION_TOOL                  ; ModelSim (Verilog)                                                    ; <None>        ; --          ; --                                ;
; EDA_TIME_SCALE                       ; 1 ps                                                                  ; --            ; --          ; eda_simulation                    ;
; ENABLE_SIGNALTAP                     ; On                                                                    ; --            ; --          ; --                                ;
; FITTER_EFFORT                        ; Standard Fit                                                          ; Auto Fit      ; --          ; --                                ;
; MAX_CORE_JUNCTION_TEMP               ; 85                                                                    ; --            ; --          ; --                                ;
; MIN_CORE_JUNCTION_TEMP               ; 0                                                                     ; --            ; --          ; --                                ;
; MUX_RESTRUCTURE                      ; Off                                                                   ; Auto          ; --          ; --                                ;
; NOMINAL_CORE_SUPPLY_VOLTAGE          ; 1.2V                                                                  ; --            ; --          ; --                                ;
; NUM_PARALLEL_PROCESSORS              ; 16                                                                    ; --            ; --          ; --                                ;
; OPTIMIZATION_MODE                    ; Aggressive Performance                                                ; Balanced      ; --          ; --                                ;
; OUTPUT_IO_TIMING_FAR_END_VMEAS       ; Half Signal Swing                                                     ; --            ; --          ; --                                ;
; OUTPUT_IO_TIMING_FAR_END_VMEAS       ; Half Signal Swing                                                     ; --            ; --          ; --                                ;
; OUTPUT_IO_TIMING_NEAR_END_VMEAS      ; Half Vccio                                                            ; --            ; --          ; --                                ;
; OUTPUT_IO_TIMING_NEAR_END_VMEAS      ; Half Vccio                                                            ; --            ; --          ; --                                ;
; PARTITION_COLOR                      ; -- (Not supported for targeted family)                                ; --            ; --          ; Top                               ;
; PARTITION_FITTER_PRESERVATION_LEVEL  ; -- (Not supported for targeted family)                                ; --            ; --          ; Top                               ;
; PARTITION_NETLIST_TYPE               ; -- (Not supported for targeted family)                                ; --            ; --          ; Top                               ;
; PHYSICAL_SYNTHESIS_COMBO_LOGIC       ; On                                                                    ; Off           ; --          ; --                                ;
; PHYSICAL_SYNTHESIS_REGISTER_RETIMING ; On                                                                    ; Off           ; --          ; --                                ;
; PLACEMENT_EFFORT_MULTIPLIER          ; 4.0                                                                   ; 1.0           ; --          ; --                                ;
; POWER_BOARD_THERMAL_MODEL            ; None (CONSERVATIVE)                                                   ; --            ; --          ; --                                ;
; POWER_PRESET_COOLING_SOLUTION        ; 23 MM HEAT SINK WITH 200 LFPM AIRFLOW                                 ; --            ; --          ; --                                ;
; PROJECT_OUTPUT_DIRECTORY             ; output_files                                                          ; --            ; --          ; --                                ;
; ROUTER_TIMING_OPTIMIZATION_LEVEL     ; MAXIMUM                                                               ; Normal        ; --          ; --                                ;
; SLD_FILE                             ; db/stp1_auto_stripped.stp                                             ; --            ; --          ; --                                ;
; SLD_NODE_CREATOR_ID                  ; 110                                                                   ; --            ; --          ; auto_signaltap_0                  ;
; SLD_NODE_ENTITY_NAME                 ; sld_signaltap                                                         ; --            ; --          ; auto_signaltap_0                  ;
; SLD_NODE_PARAMETER_ASSIGNMENT        ; SLD_RAM_BLOCK_TYPE=AUTO                                               ; --            ; --          ; auto_signaltap_0                  ;
; SLD_NODE_PARAMETER_ASSIGNMENT        ; SLD_NODE_INFO=805334528                                               ; --            ; --          ; auto_signaltap_0                  ;
; SLD_NODE_PARAMETER_ASSIGNMENT        ; SLD_POWER_UP_TRIGGER=0                                                ; --            ; --          ; auto_signaltap_0                  ;
; SLD_NODE_PARAMETER_ASSIGNMENT        ; SLD_SEGMENT_SIZE=8192                                                 ; --            ; --          ; auto_signaltap_0                  ;
; SLD_NODE_PARAMETER_ASSIGNMENT        ; SLD_ATTRIBUTE_MEM_MODE=OFF                                            ; --            ; --          ; auto_signaltap_0                  ;
; SLD_NODE_PARAMETER_ASSIGNMENT        ; SLD_STATE_FLOW_USE_GENERATED=0                                        ; --            ; --          ; auto_signaltap_0                  ;
; SLD_NODE_PARAMETER_ASSIGNMENT        ; SLD_STATE_BITS=11                                                     ; --            ; --          ; auto_signaltap_0                  ;
; SLD_NODE_PARAMETER_ASSIGNMENT        ; SLD_BUFFER_FULL_STOP=1                                                ; --            ; --          ; auto_signaltap_0                  ;
; SLD_NODE_PARAMETER_ASSIGNMENT        ; SLD_CURRENT_RESOURCE_WIDTH=1                                          ; --            ; --          ; auto_signaltap_0                  ;
; SLD_NODE_PARAMETER_ASSIGNMENT        ; SLD_STORAGE_QUALIFIER_GAP_RECORD=1                                    ; --            ; --          ; auto_signaltap_0                  ;
; SLD_NODE_PARAMETER_ASSIGNMENT        ; SLD_STORAGE_QUALIFIER_MODE=TRANSITIONAL                               ; --            ; --          ; auto_signaltap_0                  ;
; SLD_NODE_PARAMETER_ASSIGNMENT        ; SLD_INCREMENTAL_ROUTING=1                                             ; --            ; --          ; auto_signaltap_0                  ;
; SLD_NODE_PARAMETER_ASSIGNMENT        ; SLD_TRIGGER_LEVEL=1                                                   ; --            ; --          ; auto_signaltap_0                  ;
; SLD_NODE_PARAMETER_ASSIGNMENT        ; SLD_SAMPLE_DEPTH=8192                                                 ; --            ; --          ; auto_signaltap_0                  ;
; SLD_NODE_PARAMETER_ASSIGNMENT        ; SLD_TRIGGER_IN_ENABLED=1                                              ; --            ; --          ; auto_signaltap_0                  ;
; SLD_NODE_PARAMETER_ASSIGNMENT        ; SLD_TRIGGER_PIPELINE=0                                                ; --            ; --          ; auto_signaltap_0                  ;
; SLD_NODE_PARAMETER_ASSIGNMENT        ; SLD_RAM_PIPELINE=0                                                    ; --            ; --          ; auto_signaltap_0                  ;
; SLD_NODE_PARAMETER_ASSIGNMENT        ; SLD_COUNTER_PIPELINE=0                                                ; --            ; --          ; auto_signaltap_0                  ;
; SLD_NODE_PARAMETER_ASSIGNMENT        ; SLD_TRIGGER_LEVEL_PIPELINE=1                                          ; --            ; --          ; auto_signaltap_0                  ;
; SLD_NODE_PARAMETER_ASSIGNMENT        ; SLD_ENABLE_ADVANCED_TRIGGER=1                                         ; --            ; --          ; auto_signaltap_0                  ;
; SLD_NODE_PARAMETER_ASSIGNMENT        ; SLD_DATA_BITS=16                                                      ; --            ; --          ; auto_signaltap_0                  ;
; SLD_NODE_PARAMETER_ASSIGNMENT        ; SLD_TRIGGER_BITS=16                                                   ; --            ; --          ; auto_signaltap_0                  ;
; SLD_NODE_PARAMETER_ASSIGNMENT        ; SLD_STORAGE_QUALIFIER_BITS=16                                         ; --            ; --          ; auto_signaltap_0                  ;
; SLD_NODE_PARAMETER_ASSIGNMENT        ; SLD_INVERSION_MASK=00000000000000000000000000000000000000000000       ; --            ; --          ; auto_signaltap_0                  ;
; SLD_NODE_PARAMETER_ASSIGNMENT        ; SLD_INVERSION_MASK_LENGTH=44                                          ; --            ; --          ; auto_signaltap_0                  ;
; SLD_NODE_PARAMETER_ASSIGNMENT        ; SLD_STORAGE_QUALIFIER_INVERSION_MASK_LENGTH=17                        ; --            ; --          ; auto_signaltap_0                  ;
; SLD_NODE_PARAMETER_ASSIGNMENT        ; SLD_ADVANCED_TRIGGER_ENTITY=sld_reserved_i2c_auto_signaltap_0_1_f0b1, ; --            ; --          ; auto_signaltap_0                  ;
; USE_SIGNALTAP_FILE                   ; output_files/stp1.stp                                                 ; --            ; --          ; --                                ;
+--------------------------------------+-----------------------------------------------------------------------+---------------+-------------+-----------------------------------+


+-----------------------------------------------------------------------------------------------------------------------------+
; Flow Elapsed Time                                                                                                           ;
+-------------------------+--------------+-------------------------+---------------------+------------------------------------+
; Module Name             ; Elapsed Time ; Average Processors Used ; Peak Virtual Memory ; Total CPU Time (on all processors) ;
+-------------------------+--------------+-------------------------+---------------------+------------------------------------+
; Analysis & Synthesis    ; 00:00:16     ; 1.0                     ; 4965 MB             ; 00:00:32                           ;
; Design Assistant        ; 00:00:01     ; 1.0                     ; 4755 MB             ; 00:00:01                           ;
; I/O Assignment Analysis ; 00:00:01     ; 1.0                     ; 4939 MB             ; 00:00:01                           ;
; Fitter                  ; 00:00:07     ; 1.2                     ; 6515 MB             ; 00:00:14                           ;
; Assembler               ; 00:00:01     ; 1.0                     ; 4699 MB             ; 00:00:01                           ;
; Timing Analyzer         ; 00:00:01     ; 1.3                     ; 4935 MB             ; 00:00:01                           ;
; EDA Netlist Writer      ; 00:00:02     ; 1.0                     ; 4651 MB             ; 00:00:01                           ;
; Total                   ; 00:00:29     ; --                      ; --                  ; 00:00:51                           ;
+-------------------------+--------------+-------------------------+---------------------+------------------------------------+


+---------------------------------------------------------------------------------------+
; Flow OS Summary                                                                       ;
+-------------------------+------------------+------------+------------+----------------+
; Module Name             ; Machine Hostname ; OS Name    ; OS Version ; Processor type ;
+-------------------------+------------------+------------+------------+----------------+
; Analysis & Synthesis    ; DESKTOP-7PBU7GO  ; Windows 10 ; 10.0       ; x86_64         ;
; Design Assistant        ; DESKTOP-7PBU7GO  ; Windows 10 ; 10.0       ; x86_64         ;
; I/O Assignment Analysis ; DESKTOP-7PBU7GO  ; Windows 10 ; 10.0       ; x86_64         ;
; Fitter                  ; DESKTOP-7PBU7GO  ; Windows 10 ; 10.0       ; x86_64         ;
; Assembler               ; DESKTOP-7PBU7GO  ; Windows 10 ; 10.0       ; x86_64         ;
; Timing Analyzer         ; DESKTOP-7PBU7GO  ; Windows 10 ; 10.0       ; x86_64         ;
; EDA Netlist Writer      ; DESKTOP-7PBU7GO  ; Windows 10 ; 10.0       ; x86_64         ;
+-------------------------+------------------+------------+------------+----------------+


------------
; Flow Log ;
------------
quartus_map --read_settings_files=on --write_settings_files=off i2c -c i2c
quartus_drc i2c -c i2c
quartus_fit --read_settings_files=on --write_settings_files=off i2c -c i2c --plan
quartus_fit --read_settings_files=on --write_settings_files=off i2c -c i2c
quartus_asm --read_settings_files=on --write_settings_files=off i2c -c i2c
quartus_sta i2c -c i2c
quartus_eda --read_settings_files=on --write_settings_files=off i2c -c i2c



